<?xml version="1.0" encoding="UTF-8"?>
<!-- Generated by org.testng.reporters.JUnitReportReporter -->
<testsuite hostname="DESKTOP-SGCCU1P" failures="0" tests="2" name="testcases.LoginTest" time="12.491" errors="0" timestamp="2023-12-07T15:56:55 IST" skipped="0">
  <testcase classname="testcases.LoginTest" name="LoginToApplication" time="3.190"/>
  <testcase classname="testcases.LoginTest" name="LoginToApplication" time="9.301"/>
</testsuite> <!-- testcases.LoginTest -->
